# JRE version: Java(TM) SE Runtime Environment (8.0_231-b11) (build 1.8.0_231-b11)
# Java VM: Java HotSpot(TM) 64-Bit Server VM (25.231-b11 mixed mode linux-amd64 compressed oops)
Heap:
 PSYoungGen      total 414208K, used 90112K [0x00000000d6f80000, 0x00000000f0800000, 0x0000000100000000)
  eden space 410112K, 21% used [0x00000000d6f80000,0x00000000dc780068,0x00000000f0000000)
  from space 4096K, 0% used [0x00000000f0400000,0x00000000f0400000,0x00000000f0800000)
  to   space 4096K, 45% used [0x00000000f0000000,0x00000000f01d0000,0x00000000f0400000)
 ParOldGen       total 67072K, used 18951K [0x0000000084e00000, 0x0000000088f80000, 0x00000000d6f80000)
  object space 67072K, 28% used [0x0000000084e00000,0x0000000086081c28,0x0000000088f80000)
 Metaspace       used 50342K, capacity 55556K, committed 55808K, reserved 1097728K
  class space    used 6412K, capacity 7540K, committed 7680K, reserved 1048576K
GC Heap History (10 events):
Event: 2285.489 GC heap after
Heap after GC invocations=80 (full 36):
 PSYoungGen      total 414720K, used 0K [0x00000000d6f80000, 0x00000000f0900000, 0x0000000100000000)
  eden space 410112K, 0% used [0x00000000d6f80000,0x00000000d6f80000,0x00000000f0000000)
  from space 4608K, 0% used [0x00000000f0480000,0x00000000f0480000,0x00000000f0900000)
  to   space 4608K, 0% used [0x00000000f0000000,0x00000000f0000000,0x00000000f0480000)
 ParOldGen       total 67072K, used 18720K [0x0000000084e00000, 0x0000000088f80000, 0x00000000d6f80000)
  object space 67072K, 27% used [0x0000000084e00000,0x0000000086048368,0x0000000088f80000)
 Metaspace       used 49587K, capacity 54102K, committed 54400K, reserved 1095680K
  class space    used 6309K, capacity 7418K, committed 7552K, reserved 1048576K
}
Event: 2292.338 GC heap before
{Heap before GC invocations=81 (full 36):
 PSYoungGen      total 414720K, used 90934K [0x00000000d6f80000, 0x00000000f0900000, 0x0000000100000000)
  eden space 410112K, 22% used [0x00000000d6f80000,0x00000000dc84d9f8,0x00000000f0000000)
  from space 4608K, 0% used [0x00000000f0480000,0x00000000f0480000,0x00000000f0900000)
  to   space 4608K, 0% used [0x00000000f0000000,0x00000000f0000000,0x00000000f0480000)
 ParOldGen       total 67072K, used 18720K [0x0000000084e00000, 0x0000000088f80000, 0x00000000d6f80000)
  object space 67072K, 27% used [0x0000000084e00000,0x0000000086048368,0x0000000088f80000)
 Metaspace       used 49785K, capacity 54420K, committed 54656K, reserved 1095680K
  class space    used 6343K, capacity 7460K, committed 7552K, reserved 1048576K
Event: 2292.344 GC heap after
Heap after GC invocations=81 (full 36):
 PSYoungGen      total 413184K, used 2881K [0x00000000d6f80000, 0x00000000f0800000, 0x0000000100000000)
  eden space 410112K, 0% used [0x00000000d6f80000,0x00000000d6f80000,0x00000000f0000000)
  from space 3072K, 93% used [0x00000000f0000000,0x00000000f02d0428,0x00000000f0300000)
  to   space 4096K, 0% used [0x00000000f0400000,0x00000000f0400000,0x00000000f0800000)
 ParOldGen       total 67072K, used 18728K [0x0000000084e00000, 0x0000000088f80000, 0x00000000d6f80000)
  object space 67072K, 27% used [0x0000000084e00000,0x000000008604a368,0x0000000088f80000)
 Metaspace       used 49785K, capacity 54420K, committed 54656K, reserved 1095680K
  class space    used 6343K, capacity 7460K, committed 7552K, reserved 1048576K
}
Event: 2292.344 GC heap before
{Heap before GC invocations=82 (full 37):
 PSYoungGen      total 413184K, used 2881K [0x00000000d6f80000, 0x00000000f0800000, 0x0000000100000000)
  eden space 410112K, 0% used [0x00000000d6f80000,0x00000000d6f80000,0x00000000f0000000)
  from space 3072K, 93% used [0x00000000f0000000,0x00000000f02d0428,0x00000000f0300000)
  to   space 4096K, 0% used [0x00000000f0400000,0x00000000f0400000,0x00000000f0800000)
 ParOldGen       total 67072K, used 18728K [0x0000000084e00000, 0x0000000088f80000, 0x00000000d6f80000)
  object space 67072K, 27% used [0x0000000084e00000,0x000000008604a368,0x0000000088f80000)
 Metaspace       used 49785K, capacity 54420K, committed 54656K, reserved 1095680K
  class space    used 6343K, capacity 7460K, committed 7552K, reserved 1048576K
Event: 2292.537 GC heap after
Heap after GC invocations=82 (full 37):
 PSYoungGen      total 413184K, used 0K [0x00000000d6f80000, 0x00000000f0800000, 0x0000000100000000)
  eden space 410112K, 0% used [0x00000000d6f80000,0x00000000d6f80000,0x00000000f0000000)
  from space 3072K, 0% used [0x00000000f0000000,0x00000000f0000000,0x00000000f0300000)
  to   space 4096K, 0% used [0x00000000f0400000,0x00000000f0400000,0x00000000f0800000)
 ParOldGen       total 67072K, used 18832K [0x0000000084e00000, 0x0000000088f80000, 0x00000000d6f80000)
  object space 67072K, 28% used [0x0000000084e00000,0x00000000860643c8,0x0000000088f80000)
 Metaspace       used 49782K, capacity 54414K, committed 54656K, reserved 1095680K
  class space    used 6343K, capacity 7458K, committed 7552K, reserved 1048576K
}
Event: 2302.564 GC heap before
{Heap before GC invocations=83 (full 37):
 PSYoungGen      total 413184K, used 94398K [0x00000000d6f80000, 0x00000000f0800000, 0x0000000100000000)
  eden space 410112K, 23% used [0x00000000d6f80000,0x00000000dcbafb60,0x00000000f0000000)
  from space 3072K, 0% used [0x00000000f0000000,0x00000000f0000000,0x00000000f0300000)
  to   space 4096K, 0% used [0x00000000f0400000,0x00000000f0400000,0x00000000f0800000)
 ParOldGen       total 67072K, used 18832K [0x0000000084e00000, 0x0000000088f80000, 0x00000000d6f80000)
  object space 67072K, 28% used [0x0000000084e00000,0x00000000860643c8,0x0000000088f80000)
 Metaspace       used 50065K, capacity 55116K, committed 55424K, reserved 1097728K
  class space    used 6377K, capacity 7500K, committed 7552K, reserved 1048576K
Event: 2302.570 GC heap after
Heap after GC invocations=83 (full 37):
 PSYoungGen      total 414208K, used 2847K [0x00000000d6f80000, 0x00000000f0800000, 0x0000000100000000)
  eden space 410112K, 0% used [0x00000000d6f80000,0x00000000d6f80000,0x00000000f0000000)
  from space 4096K, 69% used [0x00000000f0400000,0x00000000f06c7ca0,0x00000000f0800000)
  to   space 4096K, 0% used [0x00000000f0000000,0x00000000f0000000,0x00000000f0400000)
 ParOldGen       total 67072K, used 18840K [0x0000000084e00000, 0x0000000088f80000, 0x00000000d6f80000)
  object space 67072K, 28% used [0x0000000084e00000,0x00000000860663c8,0x0000000088f80000)
 Metaspace       used 50065K, capacity 55116K, committed 55424K, reserved 1097728K
  class space    used 6377K, capacity 7500K, committed 7552K, reserved 1048576K
}
Event: 2302.570 GC heap before
{Heap before GC invocations=84 (full 38):
 PSYoungGen      total 414208K, used 2847K [0x00000000d6f80000, 0x00000000f0800000, 0x0000000100000000)
  eden space 410112K, 0% used [0x00000000d6f80000,0x00000000d6f80000,0x00000000f0000000)
  from space 4096K, 69% used [0x00000000f0400000,0x00000000f06c7ca0,0x00000000f0800000)
  to   space 4096K, 0% used [0x00000000f0000000,0x00000000f0000000,0x00000000f0400000)
 ParOldGen       total 67072K, used 18840K [0x0000000084e00000, 0x0000000088f80000, 0x00000000d6f80000)
  object space 67072K, 28% used [0x0000000084e00000,0x00000000860663c8,0x0000000088f80000)
 Metaspace       used 50065K, capacity 55116K, committed 55424K, reserved 1097728K
  class space    used 6377K, capacity 7500K, committed 7552K, reserved 1048576K
Event: 2302.700 GC heap after
Heap after GC invocations=84 (full 38):
 PSYoungGen      total 414208K, used 0K [0x00000000d6f80000, 0x00000000f0800000, 0x0000000100000000)
  eden space 410112K, 0% used [0x00000000d6f80000,0x00000000d6f80000,0x00000000f0000000)
  from space 4096K, 0% used [0x00000000f0400000,0x00000000f0400000,0x00000000f0800000)
  to   space 4096K, 0% used [0x00000000f0000000,0x00000000f0000000,0x00000000f0400000)
 ParOldGen       total 67072K, used 18943K [0x0000000084e00000, 0x0000000088f80000, 0x00000000d6f80000)
  object space 67072K, 28% used [0x0000000084e00000,0x000000008607fc28,0x0000000088f80000)
 Metaspace       used 50062K, capacity 55110K, committed 55424K, reserved 1097728K
  class space    used 6377K, capacity 7498K, committed 7552K, reserved 1048576K
}
Event: 2307.809 GC heap before
{Heap before GC invocations=85 (full 38):
 PSYoungGen      total 414208K, used 90111K [0x00000000d6f80000, 0x00000000f0800000, 0x0000000100000000)
  eden space 410112K, 21% used [0x00000000d6f80000,0x00000000dc77ff68,0x00000000f0000000)
  from space 4096K, 0% used [0x00000000f0400000,0x00000000f0400000,0x00000000f0800000)
  to   space 4096K, 0% used [0x00000000f0000000,0x00000000f0000000,0x00000000f0400000)
 ParOldGen       total 67072K, used 18943K [0x0000000084e00000, 0x0000000088f80000, 0x00000000d6f80000)
  object space 67072K, 28% used [0x0000000084e00000,0x000000008607fc28,0x0000000088f80000)
 Metaspace       used 50342K, capacity 55556K, committed 55808K, reserved 1097728K
  class space    used 6412K, capacity 7540K, committed 7680K, reserved 1048576K

