# JRE version: OpenJDK Runtime Environment (8.0_222-b10) (build 1.8.0_222-8u222-b10-1ubuntu1~18.04.1-b10)
# Java VM: OpenJDK 64-Bit Server VM (25.222-b10 mixed mode linux-amd64 compressed oops)
Heap:
 PSYoungGen      total 201728K, used 3570K [0x00000000ebf80000, 0x00000000f8f00000, 0x0000000100000000)
  eden space 190976K, 0% used [0x00000000ebf80000,0x00000000ebf80000,0x00000000f7a00000)
  from space 10752K, 33% used [0x00000000f7a00000,0x00000000f7d7c9e0,0x00000000f8480000)
  to   space 9216K, 0% used [0x00000000f8500000,0x00000000f8500000,0x00000000f8e00000)
 ParOldGen       total 25600K, used 10552K [0x00000000c3e00000, 0x00000000c5700000, 0x00000000ebf80000)
  object space 25600K, 41% used [0x00000000c3e00000,0x00000000c484e148,0x00000000c5700000)
 Metaspace       used 33653K, capacity 35318K, committed 35496K, reserved 1079296K
  class space    used 4360K, capacity 4697K, committed 4784K, reserved 1048576K
GC Heap History (10 events):
Event: 9.619 GC heap after
Heap after GC invocations=7 (full 0):
 PSYoungGen      total 68096K, used 5628K [0x00000000ebf80000, 0x00000000f4b80000, 0x0000000100000000)
  eden space 62464K, 0% used [0x00000000ebf80000,0x00000000ebf80000,0x00000000efc80000)
  from space 5632K, 99% used [0x00000000efc80000,0x00000000f01ff358,0x00000000f0200000)
  to   space 9216K, 0% used [0x00000000f4280000,0x00000000f4280000,0x00000000f4b80000)
 ParOldGen       total 42496K, used 7610K [0x00000000c3e00000, 0x00000000c6780000, 0x00000000ebf80000)
  object space 42496K, 17% used [0x00000000c3e00000,0x00000000c456e968,0x00000000c6780000)
 Metaspace       used 20483K, capacity 21122K, committed 21248K, reserved 1067008K
  class space    used 2625K, capacity 2798K, committed 2816K, reserved 1048576K
}
Event: 9.774 GC heap before
{Heap before GC invocations=8 (full 0):
 PSYoungGen      total 68096K, used 7051K [0x00000000ebf80000, 0x00000000f4b80000, 0x0000000100000000)
  eden space 62464K, 2% used [0x00000000ebf80000,0x00000000ec0e3b58,0x00000000efc80000)
  from space 5632K, 99% used [0x00000000efc80000,0x00000000f01ff358,0x00000000f0200000)
  to   space 9216K, 0% used [0x00000000f4280000,0x00000000f4280000,0x00000000f4b80000)
 ParOldGen       total 42496K, used 7610K [0x00000000c3e00000, 0x00000000c6780000, 0x00000000ebf80000)
  object space 42496K, 17% used [0x00000000c3e00000,0x00000000c456e968,0x00000000c6780000)
 Metaspace       used 20584K, capacity 21222K, committed 21296K, reserved 1067008K
  class space    used 2635K, capacity 2832K, committed 2864K, reserved 1048576K
Event: 9.781 GC heap after
Heap after GC invocations=8 (full 0):
 PSYoungGen      total 133120K, used 3003K [0x00000000ebf80000, 0x00000000f4a80000, 0x0000000100000000)
  eden space 124928K, 0% used [0x00000000ebf80000,0x00000000ebf80000,0x00000000f3980000)
  from space 8192K, 36% used [0x00000000f4280000,0x00000000f456ec48,0x00000000f4a80000)
  to   space 8704K, 0% used [0x00000000f3980000,0x00000000f3980000,0x00000000f4200000)
 ParOldGen       total 42496K, used 7642K [0x00000000c3e00000, 0x00000000c6780000, 0x00000000ebf80000)
  object space 42496K, 17% used [0x00000000c3e00000,0x00000000c4576968,0x00000000c6780000)
 Metaspace       used 20584K, capacity 21222K, committed 21296K, reserved 1067008K
  class space    used 2635K, capacity 2832K, committed 2864K, reserved 1048576K
}
Event: 9.781 GC heap before
{Heap before GC invocations=9 (full 1):
 PSYoungGen      total 133120K, used 3003K [0x00000000ebf80000, 0x00000000f4a80000, 0x0000000100000000)
  eden space 124928K, 0% used [0x00000000ebf80000,0x00000000ebf80000,0x00000000f3980000)
  from space 8192K, 36% used [0x00000000f4280000,0x00000000f456ec48,0x00000000f4a80000)
  to   space 8704K, 0% used [0x00000000f3980000,0x00000000f3980000,0x00000000f4200000)
 ParOldGen       total 42496K, used 7642K [0x00000000c3e00000, 0x00000000c6780000, 0x00000000ebf80000)
  object space 42496K, 17% used [0x00000000c3e00000,0x00000000c4576968,0x00000000c6780000)
 Metaspace       used 20584K, capacity 21222K, committed 21296K, reserved 1067008K
  class space    used 2635K, capacity 2832K, committed 2864K, reserved 1048576K
Event: 9.820 GC heap after
Heap after GC invocations=9 (full 1):
 PSYoungGen      total 133120K, used 0K [0x00000000ebf80000, 0x00000000f4a80000, 0x0000000100000000)
  eden space 124928K, 0% used [0x00000000ebf80000,0x00000000ebf80000,0x00000000f3980000)
  from space 8192K, 0% used [0x00000000f4280000,0x00000000f4280000,0x00000000f4a80000)
  to   space 8704K, 0% used [0x00000000f3980000,0x00000000f3980000,0x00000000f4200000)
 ParOldGen       total 25600K, used 4430K [0x00000000c3e00000, 0x00000000c5700000, 0x00000000ebf80000)
  object space 25600K, 17% used [0x00000000c3e00000,0x00000000c4253a78,0x00000000c5700000)
 Metaspace       used 20583K, capacity 21216K, committed 21296K, reserved 1067008K
  class space    used 2635K, capacity 2831K, committed 2864K, reserved 1048576K
}
Event: 17.511 GC heap before
{Heap before GC invocations=10 (full 1):
 PSYoungGen      total 133120K, used 124928K [0x00000000ebf80000, 0x00000000f4a80000, 0x0000000100000000)
  eden space 124928K, 100% used [0x00000000ebf80000,0x00000000f3980000,0x00000000f3980000)
  from space 8192K, 0% used [0x00000000f4280000,0x00000000f4280000,0x00000000f4a80000)
  to   space 8704K, 0% used [0x00000000f3980000,0x00000000f3980000,0x00000000f4200000)
 ParOldGen       total 25600K, used 4430K [0x00000000c3e00000, 0x00000000c5700000, 0x00000000ebf80000)
  object space 25600K, 17% used [0x00000000c3e00000,0x00000000c4253a78,0x00000000c5700000)
 Metaspace       used 24668K, capacity 25842K, committed 26032K, reserved 1071104K
  class space    used 3177K, capacity 3437K, committed 3504K, reserved 1048576K
Event: 17.523 GC heap after
Heap after GC invocations=10 (full 1):
 PSYoungGen      total 133632K, used 6811K [0x00000000ebf80000, 0x00000000f8e00000, 0x0000000100000000)
  eden space 124928K, 0% used [0x00000000ebf80000,0x00000000ebf80000,0x00000000f3980000)
  from space 8704K, 78% used [0x00000000f3980000,0x00000000f4026d70,0x00000000f4200000)
  to   space 9216K, 0% used [0x00000000f8500000,0x00000000f8500000,0x00000000f8e00000)
 ParOldGen       total 25600K, used 4438K [0x00000000c3e00000, 0x00000000c5700000, 0x00000000ebf80000)
  object space 25600K, 17% used [0x00000000c3e00000,0x00000000c4255a78,0x00000000c5700000)
 Metaspace       used 24668K, capacity 25842K, committed 26032K, reserved 1071104K
  class space    used 3177K, capacity 3437K, committed 3504K, reserved 1048576K
}
Event: 26.102 GC heap before
{Heap before GC invocations=11 (full 1):
 PSYoungGen      total 133632K, used 131702K [0x00000000ebf80000, 0x00000000f8e00000, 0x0000000100000000)
  eden space 124928K, 99% used [0x00000000ebf80000,0x00000000f3976b10,0x00000000f3980000)
  from space 8704K, 78% used [0x00000000f3980000,0x00000000f4026d70,0x00000000f4200000)
  to   space 9216K, 0% used [0x00000000f8500000,0x00000000f8500000,0x00000000f8e00000)
 ParOldGen       total 25600K, used 4438K [0x00000000c3e00000, 0x00000000c5700000, 0x00000000ebf80000)
  object space 25600K, 17% used [0x00000000c3e00000,0x00000000c4255a78,0x00000000c5700000)
 Metaspace       used 30428K, capacity 32152K, committed 32432K, reserved 1077248K
  class space    used 3918K, capacity 4242K, committed 4272K, reserved 1048576K
Event: 26.145 GC heap after
Heap after GC invocations=11 (full 1):
 PSYoungGen      total 200192K, used 9190K [0x00000000ebf80000, 0x00000000f8f00000, 0x0000000100000000)
  eden space 190976K, 0% used [0x00000000ebf80000,0x00000000ebf80000,0x00000000f7a00000)
  from space 9216K, 99% used [0x00000000f8500000,0x00000000f8df9850,0x00000000f8e00000)
  to   space 10752K, 0% used [0x00000000f7a00000,0x00000000f7a00000,0x00000000f8480000)
 ParOldGen       total 25600K, used 5033K [0x00000000c3e00000, 0x00000000c5700000, 0x00000000ebf80000)
  object space 25600K, 19% used [0x00000000c3e00000,0x00000000c42ea6a8,0x00000000c5700000)
 Metaspace       used 30428K, capacity 32152K, committed 32432K, reserved 1077248K
  class space    used 3918K, capacity 4242K, committed 4272K, reserved 1048576K
}
Event: 34.307 GC heap before
{Heap before GC invocations=12 (full 1):
 PSYoungGen      total 200192K, used 60322K [0x00000000ebf80000, 0x00000000f8f00000, 0x0000000100000000)
  eden space 190976K, 26% used [0x00000000ebf80000,0x00000000ef16f240,0x00000000f7a00000)
  from space 9216K, 99% used [0x00000000f8500000,0x00000000f8df9850,0x00000000f8e00000)
  to   space 10752K, 0% used [0x00000000f7a00000,0x00000000f7a00000,0x00000000f8480000)
 ParOldGen       total 25600K, used 5033K [0x00000000c3e00000, 0x00000000c5700000, 0x00000000ebf80000)
  object space 25600K, 19% used [0x00000000c3e00000,0x00000000c42ea6a8,0x00000000c5700000)
 Metaspace       used 33653K, capacity 35318K, committed 35496K, reserved 1079296K
  class space    used 4360K, capacity 4697K, committed 4784K, reserved 1048576K

