# JRE version: OpenJDK Runtime Environment (8.0_222-b10) (build 1.8.0_222-8u222-b10-1ubuntu1~18.04.1-b10)
# Java VM: OpenJDK 64-Bit Server VM (25.222-b10 mixed mode linux-amd64 compressed oops)
Heap:
 PSYoungGen      total 205824K, used 3481K [0x00000000ebf80000, 0x00000000f9380000, 0x0000000100000000)
  eden space 195072K, 0% used [0x00000000ebf80000,0x00000000ebf80000,0x00000000f7e00000)
  from space 10752K, 32% used [0x00000000f7e00000,0x00000000f81666c8,0x00000000f8880000)
  to   space 9216K, 0% used [0x00000000f8880000,0x00000000f8880000,0x00000000f9180000)
 ParOldGen       total 25088K, used 10541K [0x00000000c3e00000, 0x00000000c5680000, 0x00000000ebf80000)
  object space 25088K, 42% used [0x00000000c3e00000,0x00000000c484b418,0x00000000c5680000)
 Metaspace       used 33604K, capacity 35322K, committed 35416K, reserved 1079296K
  class space    used 4354K, capacity 4697K, committed 4736K, reserved 1048576K
GC Heap History (10 events):
Event: 7.107 GC heap after
Heap after GC invocations=7 (full 0):
 PSYoungGen      total 68096K, used 5630K [0x00000000ebf80000, 0x00000000f4b80000, 0x0000000100000000)
  eden space 62464K, 0% used [0x00000000ebf80000,0x00000000ebf80000,0x00000000efc80000)
  from space 5632K, 99% used [0x00000000efc80000,0x00000000f01ff8b0,0x00000000f0200000)
  to   space 9216K, 0% used [0x00000000f4280000,0x00000000f4280000,0x00000000f4b80000)
 ParOldGen       total 42496K, used 7633K [0x00000000c3e00000, 0x00000000c6780000, 0x00000000ebf80000)
  object space 42496K, 17% used [0x00000000c3e00000,0x00000000c4574768,0x00000000c6780000)
 Metaspace       used 20565K, capacity 21192K, committed 21248K, reserved 1067008K
  class space    used 2629K, capacity 2799K, committed 2816K, reserved 1048576K
}
Event: 7.116 GC heap before
{Heap before GC invocations=8 (full 0):
 PSYoungGen      total 68096K, used 6220K [0x00000000ebf80000, 0x00000000f4b80000, 0x0000000100000000)
  eden space 62464K, 0% used [0x00000000ebf80000,0x00000000ec013960,0x00000000efc80000)
  from space 5632K, 99% used [0x00000000efc80000,0x00000000f01ff8b0,0x00000000f0200000)
  to   space 9216K, 0% used [0x00000000f4280000,0x00000000f4280000,0x00000000f4b80000)
 ParOldGen       total 42496K, used 7633K [0x00000000c3e00000, 0x00000000c6780000, 0x00000000ebf80000)
  object space 42496K, 17% used [0x00000000c3e00000,0x00000000c4574768,0x00000000c6780000)
 Metaspace       used 20606K, capacity 21194K, committed 21248K, reserved 1067008K
  class space    used 2635K, capacity 2800K, committed 2816K, reserved 1048576K
Event: 7.130 GC heap after
Heap after GC invocations=8 (full 0):
 PSYoungGen      total 133120K, used 2864K [0x00000000ebf80000, 0x00000000f4a80000, 0x0000000100000000)
  eden space 124928K, 0% used [0x00000000ebf80000,0x00000000ebf80000,0x00000000f3980000)
  from space 8192K, 34% used [0x00000000f4280000,0x00000000f454c010,0x00000000f4a80000)
  to   space 8704K, 0% used [0x00000000f3980000,0x00000000f3980000,0x00000000f4200000)
 ParOldGen       total 42496K, used 7665K [0x00000000c3e00000, 0x00000000c6780000, 0x00000000ebf80000)
  object space 42496K, 18% used [0x00000000c3e00000,0x00000000c457c768,0x00000000c6780000)
 Metaspace       used 20606K, capacity 21194K, committed 21248K, reserved 1067008K
  class space    used 2635K, capacity 2800K, committed 2816K, reserved 1048576K
}
Event: 7.130 GC heap before
{Heap before GC invocations=9 (full 1):
 PSYoungGen      total 133120K, used 2864K [0x00000000ebf80000, 0x00000000f4a80000, 0x0000000100000000)
  eden space 124928K, 0% used [0x00000000ebf80000,0x00000000ebf80000,0x00000000f3980000)
  from space 8192K, 34% used [0x00000000f4280000,0x00000000f454c010,0x00000000f4a80000)
  to   space 8704K, 0% used [0x00000000f3980000,0x00000000f3980000,0x00000000f4200000)
 ParOldGen       total 42496K, used 7665K [0x00000000c3e00000, 0x00000000c6780000, 0x00000000ebf80000)
  object space 42496K, 18% used [0x00000000c3e00000,0x00000000c457c768,0x00000000c6780000)
 Metaspace       used 20606K, capacity 21194K, committed 21248K, reserved 1067008K
  class space    used 2635K, capacity 2800K, committed 2816K, reserved 1048576K
Event: 7.183 GC heap after
Heap after GC invocations=9 (full 1):
 PSYoungGen      total 133120K, used 0K [0x00000000ebf80000, 0x00000000f4a80000, 0x0000000100000000)
  eden space 124928K, 0% used [0x00000000ebf80000,0x00000000ebf80000,0x00000000f3980000)
  from space 8192K, 0% used [0x00000000f4280000,0x00000000f4280000,0x00000000f4a80000)
  to   space 8704K, 0% used [0x00000000f3980000,0x00000000f3980000,0x00000000f4200000)
 ParOldGen       total 25088K, used 4380K [0x00000000c3e00000, 0x00000000c5680000, 0x00000000ebf80000)
  object space 25088K, 17% used [0x00000000c3e00000,0x00000000c4247058,0x00000000c5680000)
 Metaspace       used 20604K, capacity 21188K, committed 21248K, reserved 1067008K
  class space    used 2635K, capacity 2799K, committed 2816K, reserved 1048576K
}
Event: 12.099 GC heap before
{Heap before GC invocations=10 (full 1):
 PSYoungGen      total 133120K, used 124928K [0x00000000ebf80000, 0x00000000f4a80000, 0x0000000100000000)
  eden space 124928K, 100% used [0x00000000ebf80000,0x00000000f3980000,0x00000000f3980000)
  from space 8192K, 0% used [0x00000000f4280000,0x00000000f4280000,0x00000000f4a80000)
  to   space 8704K, 0% used [0x00000000f3980000,0x00000000f3980000,0x00000000f4200000)
 ParOldGen       total 25088K, used 4380K [0x00000000c3e00000, 0x00000000c5680000, 0x00000000ebf80000)
  object space 25088K, 17% used [0x00000000c3e00000,0x00000000c4247058,0x00000000c5680000)
 Metaspace       used 24623K, capacity 25778K, committed 25984K, reserved 1071104K
  class space    used 3171K, capacity 3437K, committed 3456K, reserved 1048576K
Event: 12.111 GC heap after
Heap after GC invocations=10 (full 1):
 PSYoungGen      total 133632K, used 6754K [0x00000000ebf80000, 0x00000000f9180000, 0x0000000100000000)
  eden space 124928K, 0% used [0x00000000ebf80000,0x00000000ebf80000,0x00000000f3980000)
  from space 8704K, 77% used [0x00000000f3980000,0x00000000f4018b68,0x00000000f4200000)
  to   space 9216K, 0% used [0x00000000f8880000,0x00000000f8880000,0x00000000f9180000)
 ParOldGen       total 25088K, used 4388K [0x00000000c3e00000, 0x00000000c5680000, 0x00000000ebf80000)
  object space 25088K, 17% used [0x00000000c3e00000,0x00000000c4249058,0x00000000c5680000)
 Metaspace       used 24623K, capacity 25778K, committed 25984K, reserved 1071104K
  class space    used 3171K, capacity 3437K, committed 3456K, reserved 1048576K
}
Event: 26.157 GC heap before
{Heap before GC invocations=11 (full 1):
 PSYoungGen      total 133632K, used 131638K [0x00000000ebf80000, 0x00000000f9180000, 0x0000000100000000)
  eden space 124928K, 99% used [0x00000000ebf80000,0x00000000f3974e68,0x00000000f3980000)
  from space 8704K, 77% used [0x00000000f3980000,0x00000000f4018b68,0x00000000f4200000)
  to   space 9216K, 0% used [0x00000000f8880000,0x00000000f8880000,0x00000000f9180000)
 ParOldGen       total 25088K, used 4388K [0x00000000c3e00000, 0x00000000c5680000, 0x00000000ebf80000)
  object space 25088K, 17% used [0x00000000c3e00000,0x00000000c4249058,0x00000000c5680000)
 Metaspace       used 30447K, capacity 32156K, committed 32512K, reserved 1077248K
  class space    used 3919K, capacity 4242K, committed 4352K, reserved 1048576K
Event: 26.171 GC heap after
Heap after GC invocations=11 (full 1):
 PSYoungGen      total 204288K, used 9189K [0x00000000ebf80000, 0x00000000f9380000, 0x0000000100000000)
  eden space 195072K, 0% used [0x00000000ebf80000,0x00000000ebf80000,0x00000000f7e00000)
  from space 9216K, 99% used [0x00000000f8880000,0x00000000f91795f0,0x00000000f9180000)
  to   space 10752K, 0% used [0x00000000f7e00000,0x00000000f7e00000,0x00000000f8880000)
 ParOldGen       total 25088K, used 5010K [0x00000000c3e00000, 0x00000000c5680000, 0x00000000ebf80000)
  object space 25088K, 19% used [0x00000000c3e00000,0x00000000c42e4968,0x00000000c5680000)
 Metaspace       used 30447K, capacity 32156K, committed 32512K, reserved 1077248K
  class space    used 3919K, capacity 4242K, committed 4352K, reserved 1048576K
}
Event: 68.686 GC heap before
{Heap before GC invocations=12 (full 1):
 PSYoungGen      total 204288K, used 61878K [0x00000000ebf80000, 0x00000000f9380000, 0x0000000100000000)
  eden space 195072K, 27% used [0x00000000ebf80000,0x00000000ef2f43b8,0x00000000f7e00000)
  from space 9216K, 99% used [0x00000000f8880000,0x00000000f91795f0,0x00000000f9180000)
  to   space 10752K, 0% used [0x00000000f7e00000,0x00000000f7e00000,0x00000000f8880000)
 ParOldGen       total 25088K, used 5010K [0x00000000c3e00000, 0x00000000c5680000, 0x00000000ebf80000)
  object space 25088K, 19% used [0x00000000c3e00000,0x00000000c42e4968,0x00000000c5680000)
 Metaspace       used 33604K, capacity 35322K, committed 35416K, reserved 1079296K
  class space    used 4354K, capacity 4697K, committed 4736K, reserved 1048576K

